mode: set
auction-service/internal/config/config.go:13.27,19.2 1 0
auction-service/internal/config/config.go:21.42,22.48 1 0
auction-service/internal/config/config.go:22.48,24.3 1 0
auction-service/internal/config/config.go:25.2,25.17 1 0
auction-service/internal/handler/auction_handler.go:21.75,23.2 1 0
auction-service/internal/handler/auction_handler.go:27.41,29.2 1 0
auction-service/internal/handler/auction_handler.go:32.81,34.16 2 0
auction-service/internal/handler/auction_handler.go:34.16,38.3 3 0
auction-service/internal/handler/auction_handler.go:40.2,41.37 2 0
auction-service/internal/handler/auction_handler.go:45.81,48.16 3 0
auction-service/internal/handler/auction_handler.go:48.16,51.3 2 0
auction-service/internal/handler/auction_handler.go:53.2,54.16 2 0
auction-service/internal/handler/auction_handler.go:54.16,58.3 3 0
auction-service/internal/handler/auction_handler.go:60.2,61.36 2 0
auction-service/internal/handler/auction_handler.go:65.80,67.68 2 0
auction-service/internal/handler/auction_handler.go:67.68,70.3 2 0
auction-service/internal/handler/auction_handler.go:72.2,73.16 2 0
auction-service/internal/handler/auction_handler.go:73.16,77.3 3 0
auction-service/internal/handler/auction_handler.go:79.2,81.43 3 0
auction-service/internal/handler/auction_handler.go:85.80,88.16 3 0
auction-service/internal/handler/auction_handler.go:88.16,91.3 2 0
auction-service/internal/handler/auction_handler.go:93.2,94.72 2 0
auction-service/internal/handler/auction_handler.go:94.72,97.3 2 0
auction-service/internal/handler/auction_handler.go:99.2,100.74 2 0
auction-service/internal/handler/auction_handler.go:100.74,104.3 3 0
auction-service/internal/handler/auction_handler.go:106.2,107.43 2 0
auction-service/internal/handler/auction_handler.go:111.80,114.16 3 0
auction-service/internal/handler/auction_handler.go:114.16,117.3 2 0
auction-service/internal/handler/auction_handler.go:119.2,119.69 1 0
auction-service/internal/handler/auction_handler.go:119.69,123.3 3 0
auction-service/internal/handler/auction_handler.go:125.2,126.48 2 0
auction-service/internal/repository/auction_repository_impl.go:16.63,18.2 1 0
auction-service/internal/repository/auction_repository_impl.go:24.76,28.2 3 0
auction-service/internal/repository/auction_repository_impl.go:31.80,35.2 3 0
auction-service/internal/repository/auction_repository_impl.go:38.94,41.2 2 0
auction-service/internal/repository/auction_repository_impl.go:44.84,47.2 2 0
auction-service/internal/repository/auction_repository_impl.go:50.62,53.2 2 0
auction-service/internal/db/db.go:13.33,16.16 3 0
auction-service/internal/db/db.go:16.16,18.3 1 0
auction-service/internal/db/db.go:20.2,20.48 1 0
auction-service/internal/service/auction_service.go:21.116,26.2 1 0
auction-service/internal/service/auction_service.go:28.89,34.2 2 0
auction-service/internal/service/auction_service.go:36.73,38.2 1 0
auction-service/internal/service/auction_service.go:40.76,44.2 1 0
auction-service/internal/handler/auction_handler.go:21.75,23.2 1 1
auction-service/internal/handler/auction_handler.go:27.41,29.2 1 0
auction-service/internal/handler/auction_handler.go:32.81,34.16 2 0
auction-service/internal/handler/auction_handler.go:34.16,38.3 3 0
auction-service/internal/handler/auction_handler.go:40.2,41.37 2 0
auction-service/internal/handler/auction_handler.go:45.81,48.16 3 1
auction-service/internal/handler/auction_handler.go:48.16,51.3 2 1
auction-service/internal/handler/auction_handler.go:53.2,54.16 2 0
auction-service/internal/handler/auction_handler.go:54.16,58.3 3 0
auction-service/internal/handler/auction_handler.go:60.2,61.36 2 0
auction-service/internal/handler/auction_handler.go:65.80,67.68 2 1
auction-service/internal/handler/auction_handler.go:67.68,70.3 2 0
auction-service/internal/handler/auction_handler.go:72.2,73.16 2 1
auction-service/internal/handler/auction_handler.go:73.16,77.3 3 0
auction-service/internal/handler/auction_handler.go:79.2,81.43 3 1
auction-service/internal/handler/auction_handler.go:85.80,88.16 3 0
auction-service/internal/handler/auction_handler.go:88.16,91.3 2 0
auction-service/internal/handler/auction_handler.go:93.2,94.72 2 0
auction-service/internal/handler/auction_handler.go:94.72,97.3 2 0
auction-service/internal/handler/auction_handler.go:99.2,100.74 2 0
auction-service/internal/handler/auction_handler.go:100.74,104.3 3 0
auction-service/internal/handler/auction_handler.go:106.2,107.43 2 0
auction-service/internal/handler/auction_handler.go:111.80,114.16 3 0
auction-service/internal/handler/auction_handler.go:114.16,117.3 2 0
auction-service/internal/handler/auction_handler.go:119.2,119.69 1 0
auction-service/internal/handler/auction_handler.go:119.69,123.3 3 0
auction-service/internal/handler/auction_handler.go:125.2,126.48 2 0
auction-service/internal/repository/auction_repository_impl.go:16.63,18.2 1 0
auction-service/internal/repository/auction_repository_impl.go:24.76,28.2 3 0
auction-service/internal/repository/auction_repository_impl.go:31.80,35.2 3 0
auction-service/internal/repository/auction_repository_impl.go:38.94,41.2 2 0
auction-service/internal/repository/auction_repository_impl.go:44.84,47.2 2 0
auction-service/internal/repository/auction_repository_impl.go:50.62,53.2 2 0
